<?xml version="1.0" encoding="UTF-8"?>
<testsuite xmlns:xsi="http://www.w3.org/2001/XMLSchema-instance" xsi:noNamespaceSchemaLocation="https://maven.apache.org/surefire/maven-surefire-plugin/xsd/surefire-test-report.xsd" name="org.asmeta.simulator_at_runtime.AppTest" time="0.061" tests="1" errors="0" skipped="0" failures="0">
  <properties>
    <property name="java.specification.version" value="17"/>
    <property name="sun.cpu.isalist" value="amd64"/>
    <property name="sun.jnu.encoding" value="Cp1252"/>
    <property name="java.class.path" value="C:\Users\gianl\Desktop\eclipse-java-workspace\simulator_at_runtime\target\test-classes;C:\Users\gianl\Desktop\eclipse-java-workspace\simulator_at_runtime\target\classes;C:\Users\gianl\.m2\repository\asmeta\asmeta.emf\0.0.1-SNAPSHOT\asmeta.emf-0.0.1-SNAPSHOT.jar;C:\Users\gianl\.m2\repository\org\eclipse\emf\org.eclipse.emf.common\2.29.0\org.eclipse.emf.common-2.29.0.jar;C:\Users\gianl\.m2\repository\org\eclipse\emf\org.eclipse.emf.ecore\2.35.0\org.eclipse.emf.ecore-2.35.0.jar;C:\Users\gianl\.m2\repository\org\eclipse\emf\org.eclipse.emf.ecore.xmi\2.35.0\org.eclipse.emf.ecore.xmi-2.35.0.jar;C:\Users\gianl\.m2\repository\asmeta\asmeta.parser\0.0.1-SNAPSHOT\asmeta.parser-0.0.1-SNAPSHOT.jar;C:\Users\gianl\.m2\repository\log4j\log4j\1.2.17\log4j-1.2.17.jar;C:\Users\gianl\.m2\repository\asmeta\asmeta.simulator\0.0.1-SNAPSHOT\asmeta.simulator-0.0.1-SNAPSHOT.jar;C:\Users\gianl\.m2\repository\com\formdev\flatlaf\3.2.1\flatlaf-3.2.1.jar;C:\Users\gianl\.m2\repository\junit\junit\4.11\junit-4.11.jar;C:\Users\gianl\.m2\repository\org\hamcrest\hamcrest-core\1.3\hamcrest-core-1.3.jar;"/>
    <property name="java.vm.vendor" value="Eclipse Adoptium"/>
    <property name="sun.arch.data.model" value="64"/>
    <property name="user.variant" value=""/>
    <property name="java.vendor.url" value="https://adoptium.net/"/>
    <property name="user.timezone" value="Europe/Rome"/>
    <property name="os.name" value="Windows 10"/>
    <property name="java.vm.specification.version" value="17"/>
    <property name="sun.java.launcher" value="SUN_STANDARD"/>
    <property name="user.country" value="IT"/>
    <property name="sun.boot.library.path" value="C:\Program Files\Eclipse Adoptium\jdk-17.0.7.7-hotspot\bin"/>
    <property name="sun.java.command" value="C:\Users\gianl\AppData\Local\Temp\surefire346046564095660196\surefirebooter13591883526316289773.jar C:\Users\gianl\AppData\Local\Temp\surefire346046564095660196 2023-11-21T21-17-29_217-jvmRun1 surefire4311450802299524770tmp surefire_01572800303487128442tmp"/>
    <property name="jdk.debug" value="release"/>
    <property name="surefire.test.class.path" value="C:\Users\gianl\Desktop\eclipse-java-workspace\simulator_at_runtime\target\test-classes;C:\Users\gianl\Desktop\eclipse-java-workspace\simulator_at_runtime\target\classes;C:\Users\gianl\.m2\repository\asmeta\asmeta.emf\0.0.1-SNAPSHOT\asmeta.emf-0.0.1-SNAPSHOT.jar;C:\Users\gianl\.m2\repository\org\eclipse\emf\org.eclipse.emf.common\2.29.0\org.eclipse.emf.common-2.29.0.jar;C:\Users\gianl\.m2\repository\org\eclipse\emf\org.eclipse.emf.ecore\2.35.0\org.eclipse.emf.ecore-2.35.0.jar;C:\Users\gianl\.m2\repository\org\eclipse\emf\org.eclipse.emf.ecore.xmi\2.35.0\org.eclipse.emf.ecore.xmi-2.35.0.jar;C:\Users\gianl\.m2\repository\asmeta\asmeta.parser\0.0.1-SNAPSHOT\asmeta.parser-0.0.1-SNAPSHOT.jar;C:\Users\gianl\.m2\repository\log4j\log4j\1.2.17\log4j-1.2.17.jar;C:\Users\gianl\.m2\repository\asmeta\asmeta.simulator\0.0.1-SNAPSHOT\asmeta.simulator-0.0.1-SNAPSHOT.jar;C:\Users\gianl\.m2\repository\com\formdev\flatlaf\3.2.1\flatlaf-3.2.1.jar;C:\Users\gianl\.m2\repository\junit\junit\4.11\junit-4.11.jar;C:\Users\gianl\.m2\repository\org\hamcrest\hamcrest-core\1.3\hamcrest-core-1.3.jar;"/>
    <property name="sun.cpu.endian" value="little"/>
    <property name="user.home" value="C:\Users\gianl"/>
    <property name="user.language" value="it"/>
    <property name="java.specification.vendor" value="Oracle Corporation"/>
    <property name="java.version.date" value="2023-04-18"/>
    <property name="java.home" value="C:\Program Files\Eclipse Adoptium\jdk-17.0.7.7-hotspot"/>
    <property name="file.separator" value="\"/>
    <property name="style.color" value="always"/>
    <property name="basedir" value="C:\Users\gianl\Desktop\eclipse-java-workspace\simulator_at_runtime"/>
    <property name="java.vm.compressedOopsMode" value="Zero based"/>
    <property name="line.separator" value="&#10;"/>
    <property name="java.vm.specification.vendor" value="Oracle Corporation"/>
    <property name="java.specification.name" value="Java Platform API Specification"/>
    <property name="surefire.real.class.path" value="C:\Users\gianl\AppData\Local\Temp\surefire346046564095660196\surefirebooter13591883526316289773.jar"/>
    <property name="user.script" value=""/>
    <property name="sun.management.compiler" value="HotSpot 64-Bit Tiered Compilers"/>
    <property name="java.runtime.version" value="17.0.7+7"/>
    <property name="user.name" value="gianl"/>
    <property name="path.separator" value=";"/>
    <property name="os.version" value="10.0"/>
    <property name="java.runtime.name" value="OpenJDK Runtime Environment"/>
    <property name="file.encoding" value="Cp1252"/>
    <property name="java.vm.name" value="OpenJDK 64-Bit Server VM"/>
    <property name="java.vendor.version" value="Temurin-17.0.7+7"/>
    <property name="localRepository" value="C:\Users\gianl\.m2\repository"/>
    <property name="java.vendor.url.bug" value="https://github.com/adoptium/adoptium-support/issues"/>
    <property name="java.io.tmpdir" value="C:\Users\gianl\AppData\Local\Temp\"/>
    <property name="java.version" value="17.0.7"/>
    <property name="user.dir" value="C:\Users\gianl\Desktop\eclipse-java-workspace\simulator_at_runtime"/>
    <property name="os.arch" value="amd64"/>
    <property name="java.vm.specification.name" value="Java Virtual Machine Specification"/>
    <property name="sun.os.patch.level" value=""/>
    <property name="native.encoding" value="Cp1252"/>
    <property name="java.library.path" value="C:\Program Files\Eclipse Adoptium\jdk-17.0.7.7-hotspot\bin;C:\Windows\Sun\Java\bin;C:\Windows\system32;C:\Windows;C:/Program Files/Eclipse Adoptium/jdk-17.0.7.7-hotspot/bin/server;C:/Program Files/Eclipse Adoptium/jdk-17.0.7.7-hotspot/bin;C:\Program Files\Microsoft SDKs\Azure\CLI2\wbin;C:\Program Files\Eclipse Adoptium\jdk-17.0.7.7-hotspot\bin;C:\Windows\system32;C:\Windows;C:\Windows\System32\Wbem;C:\Windows\System32\WindowsPowerShell\v1.0\;C:\Windows\System32\OpenSSH\;C:\Program Files\Git\cmd;C:\Program Files\Microsoft SQL Server\150\Tools\Binn\;C:\Program Files\Microsoft SQL Server\Client SDK\ODBC\170\Tools\Binn\;C:\Program Files\dotnet\;C:\Program Files\nodejs\;C:\Users\gianl\AppData\Local\Microsoft\WindowsApps;C:\Program Files\nodejs;C:\Users\gianl\AppData\Local\GitHubDesktop\bin;C:\Users\gianl\.dotnet\tools;C:\Users\gianl\Desktop;;."/>
    <property name="java.vm.info" value="mixed mode, sharing"/>
    <property name="java.vendor" value="Eclipse Adoptium"/>
    <property name="java.vm.version" value="17.0.7+7"/>
    <property name="sun.io.unicode.encoding" value="UnicodeLittle"/>
    <property name="java.class.version" value="61.0"/>
  </properties>
  <testcase name="shouldAnswerWithTrue" classname="org.asmeta.simulator_at_runtime.AppTest" time="0.003"/>
</testsuite>